[0727/092134:ERROR:process_reader_win.cc(232)] ReadMemory at 0xed8080 of 72 bytes failed: 仅完成部分的 ReadProcessMemory 或 WriteProcessMemory 请求。 (0x12B)
[0727/092134:ERROR:process_reader_win.cc(232)] ReadMemory at 0xec1ec8 of 784 bytes failed: 仅完成部分的 ReadProcessMemory 或 WriteProcessMemory 请求。 (0x12B)
[0727/092134:ERROR:process_snapshot_win.cc(373)] ReadMemory RTL_USER_PROCESS_PARAMETERS
[0727/092134:ERROR:process_reader_win.cc(232)] ReadMemory at 0xa50000 of 64 bytes failed: 仅完成部分的 ReadProcessMemory 或 WriteProcessMemory 请求。 (0x12B)
[0727/092134:WARNING:pe_image_reader.cc(280)] could not read dos header from C:\Program Files (x86)\Google\Chrome\Application\chrome.exe
[0727/092134:ERROR:process_reader_win.cc(232)] ReadMemory at 0x775f0000 of 64 bytes failed: 仅完成部分的 ReadProcessMemory 或 WriteProcessMemory 请求。 (0x12B)
[0727/092134:WARNING:pe_image_reader.cc(280)] could not read dos header from C:\Windows\SYSTEM32\ntdll.dll
[0727/092134:ERROR:process_reader_win.cc(232)] ReadMemory at 0x765c0000 of 64 bytes failed: 仅完成部分的 ReadProcessMemory 或 WriteProcessMemory 请求。 (0x12B)
[0727/092134:WARNING:pe_image_reader.cc(280)] could not read dos header from C:\Windows\SYSTEM32\KERNELBASE.dll
[0727/092134:ERROR:process_reader_win.cc(232)] ReadMemory at 0x75f70000 of 64 bytes failed: 仅完成部分的 ReadProcessMemory 或 WriteProcessMemory 请求。 (0x12B)
[0727/092134:WARNING:pe_image_reader.cc(280)] could not read dos header from C:\Windows\SYSTEM32\KERNEL32.DLL
[0727/092134:ERROR:process_reader_win.cc(232)] ReadMemory at 0x6ee40000 of 64 bytes failed: 仅完成部分的 ReadProcessMemory 或 WriteProcessMemory 请求。 (0x12B)
[0727/092134:WARNING:pe_image_reader.cc(280)] could not read dos header from C:\Windows\system32\apphelp.dll
[0727/092134:ERROR:process_reader_win.cc(232)] ReadMemory at 0x74490000 of 64 bytes failed: 仅完成部分的 ReadProcessMemory 或 WriteProcessMemory 请求。 (0x12B)
[0727/092134:WARNING:pe_image_reader.cc(280)] could not read dos header from C:\Windows\SYSTEM32\msvcrt.dll
[0727/092134:ERROR:process_reader_win.cc(232)] ReadMemory at 0x75b20000 of 64 bytes failed: 仅完成部分的 ReadProcessMemory 或 WriteProcessMemory 请求。 (0x12B)
[0727/092134:WARNING:pe_image_reader.cc(280)] could not read dos header from C:\Windows\SYSTEM32\bcryptPrimitives.dll
[0727/092134:ERROR:process_reader_win.cc(232)] ReadMemory at 0x74100000 of 64 bytes failed: 仅完成部分的 ReadProcessMemory 或 WriteProcessMemory 请求。 (0x12B)
[0727/092134:WARNING:pe_image_reader.cc(280)] could not read dos header from C:\Windows\SYSTEM32\CRYPTBASE.dll
[0727/092134:ERROR:process_reader_win.cc(232)] ReadMemory at 0x74110000 of 64 bytes failed: 仅完成部分的 ReadProcessMemory 或 WriteProcessMemory 请求。 (0x12B)
[0727/092134:WARNING:pe_image_reader.cc(280)] could not read dos header from C:\Windows\SYSTEM32\SspiCli.dll
[0727/092134:ERROR:process_reader_win.cc(232)] ReadMemory at 0x77420000 of 64 bytes failed: 仅完成部分的 ReadProcessMemory 或 WriteProcessMemory 请求。 (0x12B)
[0727/092134:WARNING:pe_image_reader.cc(280)] could not read dos header from C:\Windows\SYSTEM32\RPCRT4.dll
[0727/092134:ERROR:process_reader_win.cc(232)] ReadMemory at 0x75f20000 of 64 bytes failed: 仅完成部分的 ReadProcessMemory 或 WriteProcessMemory 请求。 (0x12B)
[0727/092134:WARNING:pe_image_reader.cc(280)] could not read dos header from C:\Windows\SYSTEM32\sechost.dll
[0727/092134:ERROR:process_reader_win.cc(232)] ReadMemory at 0x774d0000 of 64 bytes failed: 仅完成部分的 ReadProcessMemory 或 WriteProcessMemory 请求。 (0x12B)
[0727/092134:WARNING:pe_image_reader.cc(280)] could not read dos header from C:\Windows\SYSTEM32\ADVAPI32.dll
[0727/092134:ERROR:process_reader_win.cc(232)] ReadMemory at 0x55a70000 of 64 bytes failed: 仅完成部分的 ReadProcessMemory 或 WriteProcessMemory 请求。 (0x12B)
[0727/092134:WARNING:pe_image_reader.cc(280)] could not read dos header from C:\Program Files (x86)\Google\Chrome\Application\50.0.2661.102\chrome_elf.dll
[0727/092134:ERROR:process_reader_win.cc(232)] ReadMemory at 0x740e0000 of 64 bytes failed: 仅完成部分的 ReadProcessMemory 或 WriteProcessMemory 请求。 (0x12B)
[0727/092134:WARNING:pe_image_reader.cc(280)] could not read dos header from C:\Windows\SYSTEM32\VERSION.dll
[0727/092134:ERROR:process_reader_win.cc(232)] ReadMemory at 0x76390000 of 64 bytes failed: 仅完成部分的 ReadProcessMemory 或 WriteProcessMemory 请求。 (0x12B)
[0727/092134:WARNING:pe_image_reader.cc(280)] could not read dos header from C:\Windows\SYSTEM32\cfgmgr32.dll
[0727/092134:ERROR:process_reader_win.cc(232)] ReadMemory at 0x745a0000 of 64 bytes failed: 仅完成部分的 ReadProcessMemory 或 WriteProcessMemory 请求。 (0x12B)
[0727/092134:WARNING:pe_image_reader.cc(280)] could not read dos header from C:\Windows\SYSTEM32\WINMMBASE.dll
[0727/092134:ERROR:process_reader_win.cc(232)] ReadMemory at 0x77120000 of 64 bytes failed: 仅完成部分的 ReadProcessMemory 或 WriteProcessMemory 请求。 (0x12B)
[0727/092134:WARNING:pe_image_reader.cc(280)] could not read dos header from C:\Windows\SYSTEM32\GDI32.dll
[0727/092134:ERROR:process_reader_win.cc(232)] ReadMemory at 0x75c10000 of 64 bytes failed: 仅完成部分的 ReadProcessMemory 或 WriteProcessMemory 请求。 (0x12B)
[0727/092134:WARNING:pe_image_reader.cc(280)] could not read dos header from C:\Windows\SYSTEM32\USER32.dll
[0727/092134:ERROR:process_reader_win.cc(232)] ReadMemory at 0x75af0000 of 64 bytes failed: 仅完成部分的 ReadProcessMemory 或 WriteProcessMemory 请求。 (0x12B)
[0727/092134:WARNING:pe_image_reader.cc(280)] could not read dos header from C:\Windows\SYSTEM32\IMM32.DLL
[0727/092134:ERROR:process_reader_win.cc(232)] ReadMemory at 0x77390000 of 64 bytes failed: 仅完成部分的 ReadProcessMemory 或 WriteProcessMemory 请求。 (0x12B)
[0727/092134:WARNING:pe_image_reader.cc(280)] could not read dos header from C:\Windows\SYSTEM32\WINMM.dll
[0727/092134:ERROR:process_reader_win.cc(232)] ReadMemory at 0x77330000 of 64 bytes failed: 仅完成部分的 ReadProcessMemory 或 WriteProcessMemory 请求。 (0x12B)
[0727/092134:WARNING:pe_image_reader.cc(280)] could not read dos header from C:\Windows\SYSTEM32\profapi.dll
[0727/092134:ERROR:process_reader_win.cc(232)] ReadMemory at 0x740c0000 of 64 bytes failed: 仅完成部分的 ReadProcessMemory 或 WriteProcessMemory 请求。 (0x12B)
[0727/092134:WARNING:pe_image_reader.cc(280)] could not read dos header from C:\Windows\SYSTEM32\USERENV.dll
[0727/092134:ERROR:process_reader_win.cc(232)] ReadMemory at 0x740f0000 of 64 bytes failed: 仅完成部分的 ReadProcessMemory 或 WriteProcessMemory 请求。 (0x12B)
[0727/092134:WARNING:pe_image_reader.cc(280)] could not read dos header from C:\Windows\SYSTEM32\WTSAPI32.dll
[0727/092134:ERROR:process_reader_win.cc(232)] ReadMemory at 0x6fe90000 of 64 bytes failed: 仅完成部分的 ReadProcessMemory 或 WriteProcessMemory 请求。 (0x12B)
[0727/092134:WARNING:pe_image_reader.cc(280)] could not read dos header from C:\Windows\SYSTEM32\WINHTTP.dll
[0727/092134:ERROR:process_reader_win.cc(232)] ReadMemory at 0x76150000 of 64 bytes failed: 仅完成部分的 ReadProcessMemory 或 WriteProcessMemory 请求。 (0x12B)
[0727/092134:WARNING:pe_image_reader.cc(280)] could not read dos header from C:\Windows\SYSTEM32\combase.dll
[0727/092134:ERROR:process_reader_win.cc(232)] ReadMemory at 0x77340000 of 64 bytes failed: 仅完成部分的 ReadProcessMemory 或 WriteProcessMemory 请求。 (0x12B)
[0727/092134:WARNING:pe_image_reader.cc(280)] could not read dos header from C:\Windows\SYSTEM32\shlwapi.dll
[0727/092134:ERROR:process_reader_win.cc(232)] ReadMemory at 0x763e0000 of 64 bytes failed: 仅完成部分的 ReadProcessMemory 或 WriteProcessMemory 请求。 (0x12B)
[0727/092134:WARNING:pe_image_reader.cc(280)] could not read dos header from C:\Windows\SYSTEM32\kernel.appcore.dll
[0727/092134:ERROR:process_reader_win.cc(232)] ReadMemory at 0x76b70000 of 64 bytes failed: 仅完成部分的 ReadProcessMemory 或 WriteProcessMemory 请求。 (0x12B)
[0727/092134:WARNING:pe_image_reader.cc(280)] could not read dos header from C:\Windows\SYSTEM32\shcore.dll
[0727/092134:ERROR:process_reader_win.cc(232)] ReadMemory at 0x772e0000 of 64 bytes failed: 仅完成部分的 ReadProcessMemory 或 WriteProcessMemory 请求。 (0x12B)
[0727/092134:WARNING:pe_image_reader.cc(280)] could not read dos header from C:\Windows\SYSTEM32\powrprof.dll
[0727/092134:ERROR:process_reader_win.cc(232)] ReadMemory at 0x76c20000 of 64 bytes failed: 仅完成部分的 ReadProcessMemory 或 WriteProcessMemory 请求。 (0x12B)
[0727/092134:WARNING:pe_image_reader.cc(280)] could not read dos header from C:\Windows\SYSTEM32\windows.storage.dll
[0727/092134:ERROR:process_reader_win.cc(232)] ReadMemory at 0x746f0000 of 64 bytes failed: 仅完成部分的 ReadProcessMemory 或 WriteProcessMemory 请求。 (0x12B)
[0727/092134:WARNING:pe_image_reader.cc(280)] could not read dos header from C:\Windows\SYSTEM32\SHELL32.dll
[0727/092134:ERROR:process_reader_win.cc(232)] ReadMemory at 0x74130000 of 64 bytes failed: 仅完成部分的 ReadProcessMemory 或 WriteProcessMemory 请求。 (0x12B)
[0727/092134:WARNING:pe_image_reader.cc(280)] could not read dos header from C:\Windows\SYSTEM32\ole32.dll
[0727/092134:ERROR:process_reader_win.cc(232)] ReadMemory at 0x77550000 of 64 bytes failed: 仅完成部分的 ReadProcessMemory 或 WriteProcessMemory 请求。 (0x12B)
[0727/092134:WARNING:pe_image_reader.cc(280)] could not read dos header from C:\Windows\SYSTEM32\OLEAUT32.dll
[0727/092134:ERROR:process_reader_win.cc(232)] ReadMemory at 0x76c10000 of 64 bytes failed: 仅完成部分的 ReadProcessMemory 或 WriteProcessMemory 请求。 (0x12B)
[0727/092134:WARNING:pe_image_reader.cc(280)] could not read dos header from C:\Windows\SYSTEM32\PSAPI.DLL
[0727/092134:ERROR:process_reader_win.cc(232)] ReadMemory at 0x76330000 of 64 bytes failed: 仅完成部分的 ReadProcessMemory 或 WriteProcessMemory 请求。 (0x12B)
[0727/092134:WARNING:pe_image_reader.cc(280)] could not read dos header from C:\Windows\SYSTEM32\WS2_32.dll
[0727/092134:ERROR:process_reader_win.cc(232)] ReadMemory at 0x76b50000 of 64 bytes failed: 仅完成部分的 ReadProcessMemory 或 WriteProcessMemory 请求。 (0x12B)
[0727/092134:WARNING:pe_image_reader.cc(280)] could not read dos header from C:\Windows\SYSTEM32\NETAPI32.dll
[0727/092134:ERROR:process_reader_win.cc(232)] ReadMemory at 0x73c10000 of 64 bytes failed: 仅完成部分的 ReadProcessMemory 或 WriteProcessMemory 请求。 (0x12B)
[0727/092134:WARNING:pe_image_reader.cc(280)] could not read dos header from C:\Windows\SYSTEM32\NETUTILS.DLL
[0727/092134:ERROR:process_reader_win.cc(232)] ReadMemory at 0x73000000 of 64 bytes failed: 仅完成部分的 ReadProcessMemory 或 WriteProcessMemory 请求。 (0x12B)
[0727/092134:WARNING:pe_image_reader.cc(280)] could not read dos header from C:\Windows\SYSTEM32\bcrypt.dll
[0727/092134:ERROR:process_reader_win.cc(232)] ReadMemory at 0x73020000 of 64 bytes failed: 仅完成部分的 ReadProcessMemory 或 WriteProcessMemory 请求。 (0x12B)
[0727/092134:WARNING:pe_image_reader.cc(280)] could not read dos header from C:\Windows\SYSTEM32\WKSCLI.DLL
[0727/092134:ERROR:process_reader_win.cc(232)] ReadMemory at 0x73030000 of 64 bytes failed: 仅完成部分的 ReadProcessMemory 或 WriteProcessMemory 请求。 (0x12B)
[0727/092134:WARNING:pe_image_reader.cc(280)] could not read dos header from C:\Program Files (x86)\360\360safe\safemon\safemon.dll
[0727/092134:ERROR:process_reader_win.cc(232)] ReadMemory at 0x63d30000 of 64 bytes failed: 仅完成部分的 ReadProcessMemory 或 WriteProcessMemory 请求。 (0x12B)
[0727/092134:WARNING:pe_image_reader.cc(280)] could not read dos header from C:\Program Files (x86)\360\360safe\safemon\iNetSafe.dll
[0727/092134:ERROR:process_reader_win.cc(232)] ReadMemory at 0x6cfa0000 of 64 bytes failed: 仅完成部分的 ReadProcessMemory 或 WriteProcessMemory 请求。 (0x12B)
[0727/092134:WARNING:pe_image_reader.cc(280)] could not read dos header from C:\Windows\SYSTEM32\WINSPOOL.DRV
[0727/092134:ERROR:process_reader_win.cc(232)] ReadMemory at 0x6c950000 of 64 bytes failed: 仅完成部分的 ReadProcessMemory 或 WriteProcessMemory 请求。 (0x12B)
[0727/092134:WARNING:pe_image_reader.cc(280)] could not read dos header from C:\Windows\WinSxS\x86_microsoft.windows.common-controls_6595b64144ccf1df_6.0.10586.494_none_ea85e725b9ba5a4b\COMCTL32.dll
[0727/092134:ERROR:process_reader_win.cc(232)] ReadMemory at 0x76560000 of 64 bytes failed: 仅完成部分的 ReadProcessMemory 或 WriteProcessMemory 请求。 (0x12B)
[0727/092134:WARNING:pe_image_reader.cc(280)] could not read dos header from C:\Windows\SYSTEM32\FirewallAPI.dll
[0727/092134:ERROR:process_reader_win.cc(232)] ReadMemory at 0x705e0000 of 64 bytes failed: 仅完成部分的 ReadProcessMemory 或 WriteProcessMemory 请求。 (0x12B)
[0727/092134:WARNING:pe_image_reader.cc(280)] could not read dos header from C:\Windows\SYSTEM32\fwbase.dll
[0727/092134:ERROR:process_reader_win.cc(232)] ReadMemory at 0x72790000 of 64 bytes failed: 仅完成部分的 ReadProcessMemory 或 WriteProcessMemory 请求。 (0x12B)
[0727/092134:WARNING:pe_image_reader.cc(280)] could not read dos header from C:\Windows\SYSTEM32\DAVHLPR.DLL
[0727/092134:ERROR:process_reader_win.cc(232)] ReadMemory at 0x76050000 of 64 bytes failed: 仅完成部分的 ReadProcessMemory 或 WriteProcessMemory 请求。 (0x12B)
[0727/092134:WARNING:pe_image_reader.cc(280)] could not read dos header from C:\Windows\SYSTEM32\COMDLG32.dll
[0727/092134:ERROR:process_reader_win.cc(232)] ReadMemory at 0x73f00000 of 64 bytes failed: 仅完成部分的 ReadProcessMemory 或 WriteProcessMemory 请求。 (0x12B)
[0727/092134:WARNING:pe_image_reader.cc(280)] could not read dos header from C:\Windows\SYSTEM32\IPHLPAPI.DLL
[0727/092134:ERROR:process_reader_win.cc(232)] ReadMemory at 0x745d0000 of 64 bytes failed: 仅完成部分的 ReadProcessMemory 或 WriteProcessMemory 请求。 (0x12B)
[0727/092134:WARNING:pe_image_reader.cc(280)] could not read dos header from C:\Windows\SYSTEM32\USP10.dll
[0727/092134:ERROR:process_reader_win.cc(232)] ReadMemory at 0x76c00000 of 64 bytes failed: 仅完成部分的 ReadProcessMemory 或 WriteProcessMemory 请求。 (0x12B)
[0727/092134:WARNING:pe_image_reader.cc(280)] could not read dos header from C:\Windows\SYSTEM32\MSASN1.dll
[0727/092134:ERROR:process_reader_win.cc(232)] ReadMemory at 0x74220000 of 64 bytes failed: 仅完成部分的 ReadProcessMemory 或 WriteProcessMemory 请求。 (0x12B)
[0727/092134:WARNING:pe_image_reader.cc(280)] could not read dos header from C:\Windows\SYSTEM32\CRYPT32.dll
[0727/092134:ERROR:process_reader_win.cc(232)] ReadMemory at 0x74550000 of 64 bytes failed: 仅完成部分的 ReadProcessMemory 或 WriteProcessMemory 请求。 (0x12B)
[0727/092134:WARNING:pe_image_reader.cc(280)] could not read dos header from C:\Windows\SYSTEM32\WINTRUST.dll
[0727/092134:ERROR:process_reader_win.cc(232)] ReadMemory at 0x73de0000 of 64 bytes failed: 仅完成部分的 ReadProcessMemory 或 WriteProcessMemory 请求。 (0x12B)
[0727/092134:WARNING:pe_image_reader.cc(280)] could not read dos header from C:\Windows\SYSTEM32\Secur32.dll
[0727/092134:ERROR:process_reader_win.cc(232)] ReadMemory at 0x50950000 of 64 bytes failed: 仅完成部分的 ReadProcessMemory 或 WriteProcessMemory 请求。 (0x12B)
[0727/092134:WARNING:pe_image_reader.cc(280)] could not read dos header from C:\Program Files (x86)\Google\Chrome\Application\50.0.2661.102\chrome_child.dll
[0727/092134:ERROR:process_reader_win.cc(232)] ReadMemory at 0x640c0000 of 64 bytes failed: 仅完成部分的 ReadProcessMemory 或 WriteProcessMemory 请求。 (0x12B)
[0727/092134:WARNING:pe_image_reader.cc(280)] could not read dos header from C:\Program Files (x86)\360\360safe\360verify.dll
[0727/092134:ERROR:process_reader_win.cc(232)] ReadMemory at 0x67a80000 of 64 bytes failed: 仅完成部分的 ReadProcessMemory 或 WriteProcessMemory 请求。 (0x12B)
[0727/092134:WARNING:pe_image_reader.cc(280)] could not read dos header from C:\Windows\SYSTEM32\dwrite.dll
[0727/092134:ERROR:process_reader_win.cc(232)] ReadMemory at 0x776fab80 of 5888 bytes failed: 仅完成部分的 ReadProcessMemory 或 WriteProcessMemory 请求。 (0x12B)
[0727/092134:ERROR:process_reader_win.cc(232)] ReadMemory at 0xa50000 of 64 bytes failed: 仅完成部分的 ReadProcessMemory 或 WriteProcessMemory 请求。 (0x12B)
[0727/092134:WARNING:pe_image_reader.cc(280)] could not read dos header from C:\Program Files (x86)\Google\Chrome\Application\chrome.exe
[0727/092134:ERROR:process_reader_win.cc(232)] ReadMemory at 0x775f0000 of 64 bytes failed: 仅完成部分的 ReadProcessMemory 或 WriteProcessMemory 请求。 (0x12B)
[0727/092134:WARNING:pe_image_reader.cc(280)] could not read dos header from C:\Windows\SYSTEM32\ntdll.dll
[0727/092134:ERROR:process_reader_win.cc(232)] ReadMemory at 0x765c0000 of 64 bytes failed: 仅完成部分的 ReadProcessMemory 或 WriteProcessMemory 请求。 (0x12B)
[0727/092134:WARNING:pe_image_reader.cc(280)] could not read dos header from C:\Windows\SYSTEM32\KERNELBASE.dll
[0727/092134:ERROR:process_reader_win.cc(232)] ReadMemory at 0x75f70000 of 64 bytes failed: 仅完成部分的 ReadProcessMemory 或 WriteProcessMemory 请求。 (0x12B)
[0727/092134:WARNING:pe_image_reader.cc(280)] could not read dos header from C:\Windows\SYSTEM32\KERNEL32.DLL
[0727/092134:ERROR:process_reader_win.cc(232)] ReadMemory at 0x6ee40000 of 64 bytes failed: 仅完成部分的 ReadProcessMemory 或 WriteProcessMemory 请求。 (0x12B)
[0727/092134:WARNING:pe_image_reader.cc(280)] could not read dos header from C:\Windows\system32\apphelp.dll
[0727/092134:ERROR:process_reader_win.cc(232)] ReadMemory at 0x74490000 of 64 bytes failed: 仅完成部分的 ReadProcessMemory 或 WriteProcessMemory 请求。 (0x12B)
[0727/092134:WARNING:pe_image_reader.cc(280)] could not read dos header from C:\Windows\SYSTEM32\msvcrt.dll
[0727/092134:ERROR:process_reader_win.cc(232)] ReadMemory at 0x75b20000 of 64 bytes failed: 仅完成部分的 ReadProcessMemory 或 WriteProcessMemory 请求。 (0x12B)
[0727/092134:WARNING:pe_image_reader.cc(280)] could not read dos header from C:\Windows\SYSTEM32\bcryptPrimitives.dll
[0727/092134:ERROR:process_reader_win.cc(232)] ReadMemory at 0x74100000 of 64 bytes failed: 仅完成部分的 ReadProcessMemory 或 WriteProcessMemory 请求。 (0x12B)
[0727/092134:WARNING:pe_image_reader.cc(280)] could not read dos header from C:\Windows\SYSTEM32\CRYPTBASE.dll
[0727/092134:ERROR:process_reader_win.cc(232)] ReadMemory at 0x74110000 of 64 bytes failed: 仅完成部分的 ReadProcessMemory 或 WriteProcessMemory 请求。 (0x12B)
[0727/092134:WARNING:pe_image_reader.cc(280)] could not read dos header from C:\Windows\SYSTEM32\SspiCli.dll
[0727/092134:ERROR:process_reader_win.cc(232)] ReadMemory at 0x77420000 of 64 bytes failed: 仅完成部分的 ReadProcessMemory 或 WriteProcessMemory 请求。 (0x12B)
[0727/092134:WARNING:pe_image_reader.cc(280)] could not read dos header from C:\Windows\SYSTEM32\RPCRT4.dll
[0727/092134:ERROR:process_reader_win.cc(232)] ReadMemory at 0x75f20000 of 64 bytes failed: 仅完成部分的 ReadProcessMemory 或 WriteProcessMemory 请求。 (0x12B)
[0727/092134:WARNING:pe_image_reader.cc(280)] could not read dos header from C:\Windows\SYSTEM32\sechost.dll
[0727/092134:ERROR:process_reader_win.cc(232)] ReadMemory at 0x774d0000 of 64 bytes failed: 仅完成部分的 ReadProcessMemory 或 WriteProcessMemory 请求。 (0x12B)
[0727/092134:WARNING:pe_image_reader.cc(280)] could not read dos header from C:\Windows\SYSTEM32\ADVAPI32.dll
[0727/092134:ERROR:process_reader_win.cc(232)] ReadMemory at 0x55a70000 of 64 bytes failed: 仅完成部分的 ReadProcessMemory 或 WriteProcessMemory 请求。 (0x12B)
[0727/092134:WARNING:pe_image_reader.cc(280)] could not read dos header from C:\Program Files (x86)\Google\Chrome\Application\50.0.2661.102\chrome_elf.dll
[0727/092134:ERROR:process_reader_win.cc(232)] ReadMemory at 0x740e0000 of 64 bytes failed: 仅完成部分的 ReadProcessMemory 或 WriteProcessMemory 请求。 (0x12B)
[0727/092134:WARNING:pe_image_reader.cc(280)] could not read dos header from C:\Windows\SYSTEM32\VERSION.dll
[0727/092134:ERROR:process_reader_win.cc(232)] ReadMemory at 0x76390000 of 64 bytes failed: 仅完成部分的 ReadProcessMemory 或 WriteProcessMemory 请求。 (0x12B)
[0727/092134:WARNING:pe_image_reader.cc(280)] could not read dos header from C:\Windows\SYSTEM32\cfgmgr32.dll
[0727/092134:ERROR:process_reader_win.cc(232)] ReadMemory at 0x745a0000 of 64 bytes failed: 仅完成部分的 ReadProcessMemory 或 WriteProcessMemory 请求。 (0x12B)
[0727/092134:WARNING:pe_image_reader.cc(280)] could not read dos header from C:\Windows\SYSTEM32\WINMMBASE.dll
[0727/092134:ERROR:process_reader_win.cc(232)] ReadMemory at 0x77120000 of 64 bytes failed: 仅完成部分的 ReadProcessMemory 或 WriteProcessMemory 请求。 (0x12B)
[0727/092134:WARNING:pe_image_reader.cc(280)] could not read dos header from C:\Windows\SYSTEM32\GDI32.dll
[0727/092134:ERROR:process_reader_win.cc(232)] ReadMemory at 0x75c10000 of 64 bytes failed: 仅完成部分的 ReadProcessMemory 或 WriteProcessMemory 请求。 (0x12B)
[0727/092134:WARNING:pe_image_reader.cc(280)] could not read dos header from C:\Windows\SYSTEM32\USER32.dll
[0727/092134:ERROR:process_reader_win.cc(232)] ReadMemory at 0x75af0000 of 64 bytes failed: 仅完成部分的 ReadProcessMemory 或 WriteProcessMemory 请求。 (0x12B)
[0727/092134:WARNING:pe_image_reader.cc(280)] could not read dos header from C:\Windows\SYSTEM32\IMM32.DLL
[0727/092134:ERROR:process_reader_win.cc(232)] ReadMemory at 0x77390000 of 64 bytes failed: 仅完成部分的 ReadProcessMemory 或 WriteProcessMemory 请求。 (0x12B)
[0727/092134:WARNING:pe_image_reader.cc(280)] could not read dos header from C:\Windows\SYSTEM32\WINMM.dll
[0727/092134:ERROR:process_reader_win.cc(232)] ReadMemory at 0x77330000 of 64 bytes failed: 仅完成部分的 ReadProcessMemory 或 WriteProcessMemory 请求。 (0x12B)
[0727/092134:WARNING:pe_image_reader.cc(280)] could not read dos header from C:\Windows\SYSTEM32\profapi.dll
[0727/092134:ERROR:process_reader_win.cc(232)] ReadMemory at 0x740c0000 of 64 bytes failed: 仅完成部分的 ReadProcessMemory 或 WriteProcessMemory 请求。 (0x12B)
[0727/092134:WARNING:pe_image_reader.cc(280)] could not read dos header from C:\Windows\SYSTEM32\USERENV.dll
[0727/092134:ERROR:process_reader_win.cc(232)] ReadMemory at 0x740f0000 of 64 bytes failed: 仅完成部分的 ReadProcessMemory 或 WriteProcessMemory 请求。 (0x12B)
[0727/092134:WARNING:pe_image_reader.cc(280)] could not read dos header from C:\Windows\SYSTEM32\WTSAPI32.dll
[0727/092134:ERROR:process_reader_win.cc(232)] ReadMemory at 0x6fe90000 of 64 bytes failed: 仅完成部分的 ReadProcessMemory 或 WriteProcessMemory 请求。 (0x12B)
[0727/092134:WARNING:pe_image_reader.cc(280)] could not read dos header from C:\Windows\SYSTEM32\WINHTTP.dll
[0727/092134:ERROR:process_reader_win.cc(232)] ReadMemory at 0x76150000 of 64 bytes failed: 仅完成部分的 ReadProcessMemory 或 WriteProcessMemory 请求。 (0x12B)
[0727/092134:WARNING:pe_image_reader.cc(280)] could not read dos header from C:\Windows\SYSTEM32\combase.dll
[0727/092134:ERROR:process_reader_win.cc(232)] ReadMemory at 0x77340000 of 64 bytes failed: 仅完成部分的 ReadProcessMemory 或 WriteProcessMemory 请求。 (0x12B)
[0727/092134:WARNING:pe_image_reader.cc(280)] could not read dos header from C:\Windows\SYSTEM32\shlwapi.dll
[0727/092134:ERROR:process_reader_win.cc(232)] ReadMemory at 0x763e0000 of 64 bytes failed: 仅完成部分的 ReadProcessMemory 或 WriteProcessMemory 请求。 (0x12B)
[0727/092134:WARNING:pe_image_reader.cc(280)] could not read dos header from C:\Windows\SYSTEM32\kernel.appcore.dll
[0727/092134:ERROR:process_reader_win.cc(232)] ReadMemory at 0x76b70000 of 64 bytes failed: 仅完成部分的 ReadProcessMemory 或 WriteProcessMemory 请求。 (0x12B)
[0727/092134:WARNING:pe_image_reader.cc(280)] could not read dos header from C:\Windows\SYSTEM32\shcore.dll
[0727/092134:ERROR:process_reader_win.cc(232)] ReadMemory at 0x772e0000 of 64 bytes failed: 仅完成部分的 ReadProcessMemory 或 WriteProcessMemory 请求。 (0x12B)
[0727/092134:WARNING:pe_image_reader.cc(280)] could not read dos header from C:\Windows\SYSTEM32\powrprof.dll
[0727/092134:ERROR:process_reader_win.cc(232)] ReadMemory at 0x76c20000 of 64 bytes failed: 仅完成部分的 ReadProcessMemory 或 WriteProcessMemory 请求。 (0x12B)
[0727/092134:WARNING:pe_image_reader.cc(280)] could not read dos header from C:\Windows\SYSTEM32\windows.storage.dll
[0727/092134:ERROR:process_reader_win.cc(232)] ReadMemory at 0x746f0000 of 64 bytes failed: 仅完成部分的 ReadProcessMemory 或 WriteProcessMemory 请求。 (0x12B)
[0727/092134:WARNING:pe_image_reader.cc(280)] could not read dos header from C:\Windows\SYSTEM32\SHELL32.dll
[0727/092134:ERROR:process_reader_win.cc(232)] ReadMemory at 0x74130000 of 64 bytes failed: 仅完成部分的 ReadProcessMemory 或 WriteProcessMemory 请求。 (0x12B)
[0727/092134:WARNING:pe_image_reader.cc(280)] could not read dos header from C:\Windows\SYSTEM32\ole32.dll
[0727/092134:ERROR:process_reader_win.cc(232)] ReadMemory at 0x77550000 of 64 bytes failed: 仅完成部分的 ReadProcessMemory 或 WriteProcessMemory 请求。 (0x12B)
[0727/092134:WARNING:pe_image_reader.cc(280)] could not read dos header from C:\Windows\SYSTEM32\OLEAUT32.dll
[0727/092134:ERROR:process_reader_win.cc(232)] ReadMemory at 0x76c10000 of 64 bytes failed: 仅完成部分的 ReadProcessMemory 或 WriteProcessMemory 请求。 (0x12B)
[0727/092134:WARNING:pe_image_reader.cc(280)] could not read dos header from C:\Windows\SYSTEM32\PSAPI.DLL
[0727/092134:ERROR:process_reader_win.cc(232)] ReadMemory at 0x76330000 of 64 bytes failed: 仅完成部分的 ReadProcessMemory 或 WriteProcessMemory 请求。 (0x12B)
[0727/092134:WARNING:pe_image_reader.cc(280)] could not read dos header from C:\Windows\SYSTEM32\WS2_32.dll
[0727/092134:ERROR:process_reader_win.cc(232)] ReadMemory at 0x76b50000 of 64 bytes failed: 仅完成部分的 ReadProcessMemory 或 WriteProcessMemory 请求。 (0x12B)
[0727/092134:WARNING:pe_image_reader.cc(280)] could not read dos header from C:\Windows\SYSTEM32\NETAPI32.dll
[0727/092134:ERROR:process_reader_win.cc(232)] ReadMemory at 0x73c10000 of 64 bytes failed: 仅完成部分的 ReadProcessMemory 或 WriteProcessMemory 请求。 (0x12B)
[0727/092134:WARNING:pe_image_reader.cc(280)] could not read dos header from C:\Windows\SYSTEM32\NETUTILS.DLL
[0727/092134:ERROR:process_reader_win.cc(232)] ReadMemory at 0x73000000 of 64 bytes failed: 仅完成部分的 ReadProcessMemory 或 WriteProcessMemory 请求。 (0x12B)
[0727/092134:WARNING:pe_image_reader.cc(280)] could not read dos header from C:\Windows\SYSTEM32\bcrypt.dll
[0727/092134:ERROR:process_reader_win.cc(232)] ReadMemory at 0x73020000 of 64 bytes failed: 仅完成部分的 ReadProcessMemory 或 WriteProcessMemory 请求。 (0x12B)
[0727/092134:WARNING:pe_image_reader.cc(280)] could not read dos header from C:\Windows\SYSTEM32\WKSCLI.DLL
[0727/092134:ERROR:process_reader_win.cc(232)] ReadMemory at 0x73030000 of 64 bytes failed: 仅完成部分的 ReadProcessMemory 或 WriteProcessMemory 请求。 (0x12B)
[0727/092134:WARNING:pe_image_reader.cc(280)] could not read dos header from C:\Program Files (x86)\360\360safe\safemon\safemon.dll
[0727/092134:ERROR:process_reader_win.cc(232)] ReadMemory at 0x63d30000 of 64 bytes failed: 仅完成部分的 ReadProcessMemory 或 WriteProcessMemory 请求。 (0x12B)
[0727/092134:WARNING:pe_image_reader.cc(280)] could not read dos header from C:\Program Files (x86)\360\360safe\safemon\iNetSafe.dll
[0727/092134:ERROR:process_reader_win.cc(232)] ReadMemory at 0x6cfa0000 of 64 bytes failed: 仅完成部分的 ReadProcessMemory 或 WriteProcessMemory 请求。 (0x12B)
[0727/092134:WARNING:pe_image_reader.cc(280)] could not read dos header from C:\Windows\SYSTEM32\WINSPOOL.DRV
[0727/092134:ERROR:process_reader_win.cc(232)] ReadMemory at 0x6c950000 of 64 bytes failed: 仅完成部分的 ReadProcessMemory 或 WriteProcessMemory 请求。 (0x12B)
[0727/092134:WARNING:pe_image_reader.cc(280)] could not read dos header from C:\Windows\WinSxS\x86_microsoft.windows.common-controls_6595b64144ccf1df_6.0.10586.494_none_ea85e725b9ba5a4b\COMCTL32.dll
[0727/092134:ERROR:process_reader_win.cc(232)] ReadMemory at 0x76560000 of 64 bytes failed: 仅完成部分的 ReadProcessMemory 或 WriteProcessMemory 请求。 (0x12B)
[0727/092134:WARNING:pe_image_reader.cc(280)] could not read dos header from C:\Windows\SYSTEM32\FirewallAPI.dll
[0727/092134:ERROR:process_reader_win.cc(232)] ReadMemory at 0x705e0000 of 64 bytes failed: 仅完成部分的 ReadProcessMemory 或 WriteProcessMemory 请求。 (0x12B)
[0727/092134:WARNING:pe_image_reader.cc(280)] could not read dos header from C:\Windows\SYSTEM32\fwbase.dll
[0727/092134:ERROR:process_reader_win.cc(232)] ReadMemory at 0x72790000 of 64 bytes failed: 仅完成部分的 ReadProcessMemory 或 WriteProcessMemory 请求。 (0x12B)
[0727/092134:WARNING:pe_image_reader.cc(280)] could not read dos header from C:\Windows\SYSTEM32\DAVHLPR.DLL
[0727/092134:ERROR:process_reader_win.cc(232)] ReadMemory at 0x76050000 of 64 bytes failed: 仅完成部分的 ReadProcessMemory 或 WriteProcessMemory 请求。 (0x12B)
[0727/092134:WARNING:pe_image_reader.cc(280)] could not read dos header from C:\Windows\SYSTEM32\COMDLG32.dll
[0727/092134:ERROR:process_reader_win.cc(232)] ReadMemory at 0x73f00000 of 64 bytes failed: 仅完成部分的 ReadProcessMemory 或 WriteProcessMemory 请求。 (0x12B)
[0727/092134:WARNING:pe_image_reader.cc(280)] could not read dos header from C:\Windows\SYSTEM32\IPHLPAPI.DLL
[0727/092134:ERROR:process_reader_win.cc(232)] ReadMemory at 0x745d0000 of 64 bytes failed: 仅完成部分的 ReadProcessMemory 或 WriteProcessMemory 请求。 (0x12B)
[0727/092134:WARNING:pe_image_reader.cc(280)] could not read dos header from C:\Windows\SYSTEM32\USP10.dll
[0727/092134:ERROR:process_reader_win.cc(232)] ReadMemory at 0x76c00000 of 64 bytes failed: 仅完成部分的 ReadProcessMemory 或 WriteProcessMemory 请求。 (0x12B)
[0727/092134:WARNING:pe_image_reader.cc(280)] could not read dos header from C:\Windows\SYSTEM32\MSASN1.dll
[0727/092134:ERROR:process_reader_win.cc(232)] ReadMemory at 0x74220000 of 64 bytes failed: 仅完成部分的 ReadProcessMemory 或 WriteProcessMemory 请求。 (0x12B)
[0727/092134:WARNING:pe_image_reader.cc(280)] could not read dos header from C:\Windows\SYSTEM32\CRYPT32.dll
[0727/092134:ERROR:process_reader_win.cc(232)] ReadMemory at 0x74550000 of 64 bytes failed: 仅完成部分的 ReadProcessMemory 或 WriteProcessMemory 请求。 (0x12B)
[0727/092134:WARNING:pe_image_reader.cc(280)] could not read dos header from C:\Windows\SYSTEM32\WINTRUST.dll
[0727/092134:ERROR:process_reader_win.cc(232)] ReadMemory at 0x73de0000 of 64 bytes failed: 仅完成部分的 ReadProcessMemory 或 WriteProcessMemory 请求。 (0x12B)
[0727/092134:WARNING:pe_image_reader.cc(280)] could not read dos header from C:\Windows\SYSTEM32\Secur32.dll
[0727/092134:ERROR:process_reader_win.cc(232)] ReadMemory at 0x50950000 of 64 bytes failed: 仅完成部分的 ReadProcessMemory 或 WriteProcessMemory 请求。 (0x12B)
[0727/092134:WARNING:pe_image_reader.cc(280)] could not read dos header from C:\Program Files (x86)\Google\Chrome\Application\50.0.2661.102\chrome_child.dll
[0727/092134:ERROR:process_reader_win.cc(232)] ReadMemory at 0x640c0000 of 64 bytes failed: 仅完成部分的 ReadProcessMemory 或 WriteProcessMemory 请求。 (0x12B)
[0727/092134:WARNING:pe_image_reader.cc(280)] could not read dos header from C:\Program Files (x86)\360\360safe\360verify.dll
[0727/092134:ERROR:process_reader_win.cc(232)] ReadMemory at 0x67a80000 of 64 bytes failed: 仅完成部分的 ReadProcessMemory 或 WriteProcessMemory 请求。 (0x12B)
[0727/092134:WARNING:pe_image_reader.cc(280)] could not read dos header from C:\Windows\SYSTEM32\dwrite.dll
[0727/092134:ERROR:process_reader_win.cc(98)] process 10120 not found
[0727/092134:ERROR:process_reader_win.cc(232)] ReadMemory at 0xafd1b4 of 12 bytes failed: 仅完成部分的 ReadProcessMemory 或 WriteProcessMemory 请求。 (0x12B)
[0727/092134:WARNING:process_snapshot_win.cc(96)] ReadMemory ExceptionInformation failed
[0727/092134:WARNING:crash_report_exception_handler.cc(60)] ProcessSnapshotWin::InitializeException failed
[0727/092134:ERROR:scoped_process_suspend.cc(38)] NtResumeProcess, ntstatus=-1073741558
[0727/092134:ERROR:process_info.cc(330)] VirtualQueryEx: 拒绝访问。 (0x5)
[0727/092134:ERROR:process_info.cc(547)] ReadMemoryInfo failed
[0727/092134:ERROR:process_info.cc(608)] range at 0x776fab40, size 0x24 fully unreadable
[0727/092134:ERROR:process_info.cc(608)] range at 0x775fbc84, size 0x12 fully unreadable
[0727/092134:ERROR:process_info.cc(608)] range at 0x775fbc84, size 0x12 fully unreadable
[0727/092134:ERROR:process_reader_win.cc(232)] ReadMemory at 0xf7d990 of 72 bytes failed: 仅完成部分的 ReadProcessMemory 或 WriteProcessMemory 请求。 (0x12B)
[0727/092134:ERROR:process_reader_win.cc(232)] ReadMemory at 0xf742d8 of 72 bytes failed: 仅完成部分的 ReadProcessMemory 或 WriteProcessMemory 请求。 (0x12B)
[0727/092134:ERROR:process_reader_win.cc(232)] ReadMemory at 0xf71ec8 of 784 bytes failed: 仅完成部分的 ReadProcessMemory 或 WriteProcessMemory 请求。 (0x12B)
[0727/092134:ERROR:process_snapshot_win.cc(373)] ReadMemory RTL_USER_PROCESS_PARAMETERS
[0727/092134:ERROR:process_reader_win.cc(232)] ReadMemory at 0xa50000 of 64 bytes failed: 仅完成部分的 ReadProcessMemory 或 WriteProcessMemory 请求。 (0x12B)
[0727/092134:WARNING:pe_image_reader.cc(280)] could not read dos header from C:\Program Files (x86)\Google\Chrome\Application\chrome.exe
[0727/092134:ERROR:process_reader_win.cc(232)] ReadMemory at 0x775f0000 of 64 bytes failed: 仅完成部分的 ReadProcessMemory 或 WriteProcessMemory 请求。 (0x12B)
[0727/092134:WARNING:pe_image_reader.cc(280)] could not read dos header from C:\Windows\SYSTEM32\ntdll.dll
[0727/092134:ERROR:process_reader_win.cc(232)] ReadMemory at 0x765c0000 of 64 bytes failed: 仅完成部分的 ReadProcessMemory 或 WriteProcessMemory 请求。 (0x12B)
[0727/092134:WARNING:pe_image_reader.cc(280)] could not read dos header from C:\Windows\SYSTEM32\KERNELBASE.dll
[0727/092134:ERROR:process_reader_win.cc(232)] ReadMemory at 0x75f70000 of 64 bytes failed: 仅完成部分的 ReadProcessMemory 或 WriteProcessMemory 请求。 (0x12B)
[0727/092134:WARNING:pe_image_reader.cc(280)] could not read dos header from C:\Windows\SYSTEM32\KERNEL32.DLL
[0727/092134:ERROR:process_reader_win.cc(232)] ReadMemory at 0x6ee40000 of 64 bytes failed: 仅完成部分的 ReadProcessMemory 或 WriteProcessMemory 请求。 (0x12B)
[0727/092134:WARNING:pe_image_reader.cc(280)] could not read dos header from C:\Windows\system32\apphelp.dll
[0727/092134:ERROR:process_reader_win.cc(232)] ReadMemory at 0x74490000 of 64 bytes failed: 仅完成部分的 ReadProcessMemory 或 WriteProcessMemory 请求。 (0x12B)
[0727/092134:WARNING:pe_image_reader.cc(280)] could not read dos header from C:\Windows\SYSTEM32\msvcrt.dll
[0727/092134:ERROR:process_reader_win.cc(232)] ReadMemory at 0x75b20000 of 64 bytes failed: 仅完成部分的 ReadProcessMemory 或 WriteProcessMemory 请求。 (0x12B)
[0727/092134:WARNING:pe_image_reader.cc(280)] could not read dos header from C:\Windows\SYSTEM32\bcryptPrimitives.dll
[0727/092134:ERROR:process_reader_win.cc(232)] ReadMemory at 0x74100000 of 64 bytes failed: 仅完成部分的 ReadProcessMemory 或 WriteProcessMemory 请求。 (0x12B)
[0727/092134:WARNING:pe_image_reader.cc(280)] could not read dos header from C:\Windows\SYSTEM32\CRYPTBASE.dll
[0727/092134:ERROR:process_reader_win.cc(232)] ReadMemory at 0x74110000 of 64 bytes failed: 仅完成部分的 ReadProcessMemory 或 WriteProcessMemory 请求。 (0x12B)
[0727/092134:WARNING:pe_image_reader.cc(280)] could not read dos header from C:\Windows\SYSTEM32\SspiCli.dll
[0727/092134:ERROR:process_reader_win.cc(232)] ReadMemory at 0x77420000 of 64 bytes failed: 仅完成部分的 ReadProcessMemory 或 WriteProcessMemory 请求。 (0x12B)
[0727/092134:WARNING:pe_image_reader.cc(280)] could not read dos header from C:\Windows\SYSTEM32\RPCRT4.dll
[0727/092134:ERROR:process_reader_win.cc(232)] ReadMemory at 0x75f20000 of 64 bytes failed: 仅完成部分的 ReadProcessMemory 或 WriteProcessMemory 请求。 (0x12B)
[0727/092134:WARNING:pe_image_reader.cc(280)] could not read dos header from C:\Windows\SYSTEM32\sechost.dll
[0727/092134:ERROR:process_reader_win.cc(232)] ReadMemory at 0x774d0000 of 64 bytes failed: 仅完成部分的 ReadProcessMemory 或 WriteProcessMemory 请求。 (0x12B)
[0727/092134:WARNING:pe_image_reader.cc(280)] could not read dos header from C:\Windows\SYSTEM32\ADVAPI32.dll
[0727/092134:ERROR:process_reader_win.cc(232)] ReadMemory at 0x55a70000 of 64 bytes failed: 仅完成部分的 ReadProcessMemory 或 WriteProcessMemory 请求。 (0x12B)
[0727/092134:WARNING:pe_image_reader.cc(280)] could not read dos header from C:\Program Files (x86)\Google\Chrome\Application\50.0.2661.102\chrome_elf.dll
[0727/092134:ERROR:process_reader_win.cc(232)] ReadMemory at 0x740e0000 of 64 bytes failed: 仅完成部分的 ReadProcessMemory 或 WriteProcessMemory 请求。 (0x12B)
[0727/092134:WARNING:pe_image_reader.cc(280)] could not read dos header from C:\Windows\SYSTEM32\VERSION.dll
[0727/092134:ERROR:process_reader_win.cc(232)] ReadMemory at 0x76390000 of 64 bytes failed: 仅完成部分的 ReadProcessMemory 或 WriteProcessMemory 请求。 (0x12B)
[0727/092134:WARNING:pe_image_reader.cc(280)] could not read dos header from C:\Windows\SYSTEM32\cfgmgr32.dll
[0727/092134:ERROR:process_reader_win.cc(232)] ReadMemory at 0x745a0000 of 64 bytes failed: 仅完成部分的 ReadProcessMemory 或 WriteProcessMemory 请求。 (0x12B)
[0727/092134:WARNING:pe_image_reader.cc(280)] could not read dos header from C:\Windows\SYSTEM32\WINMMBASE.dll
[0727/092134:ERROR:process_reader_win.cc(232)] ReadMemory at 0x77120000 of 64 bytes failed: 仅完成部分的 ReadProcessMemory 或 WriteProcessMemory 请求。 (0x12B)
[0727/092134:WARNING:pe_image_reader.cc(280)] could not read dos header from C:\Windows\SYSTEM32\GDI32.dll
[0727/092134:ERROR:process_reader_win.cc(232)] ReadMemory at 0x75c10000 of 64 bytes failed: 仅完成部分的 ReadProcessMemory 或 WriteProcessMemory 请求。 (0x12B)
[0727/092134:WARNING:pe_image_reader.cc(280)] could not read dos header from C:\Windows\SYSTEM32\USER32.dll
[0727/092134:ERROR:process_reader_win.cc(232)] ReadMemory at 0x75af0000 of 64 bytes failed: 仅完成部分的 ReadProcessMemory 或 WriteProcessMemory 请求。 (0x12B)
[0727/092134:WARNING:pe_image_reader.cc(280)] could not read dos header from C:\Windows\SYSTEM32\IMM32.DLL
[0727/092134:ERROR:process_reader_win.cc(232)] ReadMemory at 0x77390000 of 64 bytes failed: 仅完成部分的 ReadProcessMemory 或 WriteProcessMemory 请求。 (0x12B)
[0727/092134:WARNING:pe_image_reader.cc(280)] could not read dos header from C:\Windows\SYSTEM32\WINMM.dll
[0727/092134:ERROR:process_reader_win.cc(232)] ReadMemory at 0x77330000 of 64 bytes failed: 仅完成部分的 ReadProcessMemory 或 WriteProcessMemory 请求。 (0x12B)
[0727/092134:WARNING:pe_image_reader.cc(280)] could not read dos header from C:\Windows\SYSTEM32\profapi.dll
[0727/092134:ERROR:process_reader_win.cc(232)] ReadMemory at 0x740c0000 of 64 bytes failed: 仅完成部分的 ReadProcessMemory 或 WriteProcessMemory 请求。 (0x12B)
[0727/092134:WARNING:pe_image_reader.cc(280)] could not read dos header from C:\Windows\SYSTEM32\USERENV.dll
[0727/092134:ERROR:process_reader_win.cc(232)] ReadMemory at 0x740f0000 of 64 bytes failed: 仅完成部分的 ReadProcessMemory 或 WriteProcessMemory 请求。 (0x12B)
[0727/092134:WARNING:pe_image_reader.cc(280)] could not read dos header from C:\Windows\SYSTEM32\WTSAPI32.dll
[0727/092134:ERROR:process_reader_win.cc(232)] ReadMemory at 0x6fe90000 of 64 bytes failed: 仅完成部分的 ReadProcessMemory 或 WriteProcessMemory 请求。 (0x12B)
[0727/092134:WARNING:pe_image_reader.cc(280)] could not read dos header from C:\Windows\SYSTEM32\WINHTTP.dll
[0727/092134:ERROR:process_reader_win.cc(232)] ReadMemory at 0x76150000 of 64 bytes failed: 仅完成部分的 ReadProcessMemory 或 WriteProcessMemory 请求。 (0x12B)
[0727/092134:WARNING:pe_image_reader.cc(280)] could not read dos header from C:\Windows\SYSTEM32\combase.dll
[0727/092134:ERROR:process_reader_win.cc(232)] ReadMemory at 0x77340000 of 64 bytes failed: 仅完成部分的 ReadProcessMemory 或 WriteProcessMemory 请求。 (0x12B)
[0727/092134:WARNING:pe_image_reader.cc(280)] could not read dos header from C:\Windows\SYSTEM32\shlwapi.dll
[0727/092134:ERROR:process_reader_win.cc(232)] ReadMemory at 0x763e0000 of 64 bytes failed: 仅完成部分的 ReadProcessMemory 或 WriteProcessMemory 请求。 (0x12B)
[0727/092134:WARNING:pe_image_reader.cc(280)] could not read dos header from C:\Windows\SYSTEM32\kernel.appcore.dll
[0727/092134:ERROR:process_reader_win.cc(232)] ReadMemory at 0x76b70000 of 64 bytes failed: 仅完成部分的 ReadProcessMemory 或 WriteProcessMemory 请求。 (0x12B)
[0727/092134:WARNING:pe_image_reader.cc(280)] could not read dos header from C:\Windows\SYSTEM32\shcore.dll
[0727/092134:ERROR:process_reader_win.cc(232)] ReadMemory at 0x772e0000 of 64 bytes failed: 仅完成部分的 ReadProcessMemory 或 WriteProcessMemory 请求。 (0x12B)
[0727/092134:WARNING:pe_image_reader.cc(280)] could not read dos header from C:\Windows\SYSTEM32\powrprof.dll
[0727/092134:ERROR:process_reader_win.cc(232)] ReadMemory at 0x76c20000 of 64 bytes failed: 仅完成部分的 ReadProcessMemory 或 WriteProcessMemory 请求。 (0x12B)
[0727/092134:WARNING:pe_image_reader.cc(280)] could not read dos header from C:\Windows\SYSTEM32\windows.storage.dll
[0727/092134:ERROR:process_reader_win.cc(232)] ReadMemory at 0x746f0000 of 64 bytes failed: 仅完成部分的 ReadProcessMemory 或 WriteProcessMemory 请求。 (0x12B)
[0727/092134:WARNING:pe_image_reader.cc(280)] could not read dos header from C:\Windows\SYSTEM32\SHELL32.dll
[0727/092134:ERROR:process_reader_win.cc(232)] ReadMemory at 0x74130000 of 64 bytes failed: 仅完成部分的 ReadProcessMemory 或 WriteProcessMemory 请求。 (0x12B)
[0727/092134:WARNING:pe_image_reader.cc(280)] could not read dos header from C:\Windows\SYSTEM32\ole32.dll
[0727/092134:ERROR:process_reader_win.cc(232)] ReadMemory at 0x77550000 of 64 bytes failed: 仅完成部分的 ReadProcessMemory 或 WriteProcessMemory 请求。 (0x12B)
[0727/092134:WARNING:pe_image_reader.cc(280)] could not read dos header from C:\Windows\SYSTEM32\OLEAUT32.dll
[0727/092134:ERROR:process_reader_win.cc(232)] ReadMemory at 0x76c10000 of 64 bytes failed: 仅完成部分的 ReadProcessMemory 或 WriteProcessMemory 请求。 (0x12B)
[0727/092134:WARNING:pe_image_reader.cc(280)] could not read dos header from C:\Windows\SYSTEM32\PSAPI.DLL
[0727/092134:ERROR:process_reader_win.cc(232)] ReadMemory at 0x76330000 of 64 bytes failed: 仅完成部分的 ReadProcessMemory 或 WriteProcessMemory 请求。 (0x12B)
[0727/092134:WARNING:pe_image_reader.cc(280)] could not read dos header from C:\Windows\SYSTEM32\WS2_32.dll
[0727/092134:ERROR:process_reader_win.cc(232)] ReadMemory at 0x76b50000 of 64 bytes failed: 仅完成部分的 ReadProcessMemory 或 WriteProcessMemory 请求。 (0x12B)
[0727/092134:WARNING:pe_image_reader.cc(280)] could not read dos header from C:\Windows\SYSTEM32\NETAPI32.dll
[0727/092134:ERROR:process_reader_win.cc(232)] ReadMemory at 0x73c10000 of 64 bytes failed: 仅完成部分的 ReadProcessMemory 或 WriteProcessMemory 请求。 (0x12B)
[0727/092134:WARNING:pe_image_reader.cc(280)] could not read dos header from C:\Windows\SYSTEM32\NETUTILS.DLL
[0727/092134:ERROR:process_reader_win.cc(232)] ReadMemory at 0x73000000 of 64 bytes failed: 仅完成部分的 ReadProcessMemory 或 WriteProcessMemory 请求。 (0x12B)
[0727/092134:WARNING:pe_image_reader.cc(280)] could not read dos header from C:\Windows\SYSTEM32\bcrypt.dll
[0727/092134:ERROR:process_reader_win.cc(232)] ReadMemory at 0x73020000 of 64 bytes failed: 仅完成部分的 ReadProcessMemory 或 WriteProcessMemory 请求。 (0x12B)
[0727/092134:WARNING:pe_image_reader.cc(280)] could not read dos header from C:\Windows\SYSTEM32\WKSCLI.DLL
[0727/092134:ERROR:process_reader_win.cc(232)] ReadMemory at 0x73030000 of 64 bytes failed: 仅完成部分的 ReadProcessMemory 或 WriteProcessMemory 请求。 (0x12B)
[0727/092134:WARNING:pe_image_reader.cc(280)] could not read dos header from C:\Program Files (x86)\360\360safe\safemon\safemon.dll
[0727/092134:ERROR:process_reader_win.cc(232)] ReadMemory at 0x63d30000 of 64 bytes failed: 仅完成部分的 ReadProcessMemory 或 WriteProcessMemory 请求。 (0x12B)
[0727/092134:WARNING:pe_image_reader.cc(280)] could not read dos header from C:\Program Files (x86)\360\360safe\safemon\iNetSafe.dll
[0727/092134:ERROR:process_reader_win.cc(232)] ReadMemory at 0x6cfa0000 of 64 bytes failed: 仅完成部分的 ReadProcessMemory 或 WriteProcessMemory 请求。 (0x12B)
[0727/092134:WARNING:pe_image_reader.cc(280)] could not read dos header from C:\Windows\SYSTEM32\WINSPOOL.DRV
[0727/092134:ERROR:process_reader_win.cc(232)] ReadMemory at 0x6c950000 of 64 bytes failed: 仅完成部分的 ReadProcessMemory 或 WriteProcessMemory 请求。 (0x12B)
[0727/092134:WARNING:pe_image_reader.cc(280)] could not read dos header from C:\Windows\WinSxS\x86_microsoft.windows.common-controls_6595b64144ccf1df_6.0.10586.494_none_ea85e725b9ba5a4b\COMCTL32.dll
[0727/092134:ERROR:process_reader_win.cc(232)] ReadMemory at 0x76560000 of 64 bytes failed: 仅完成部分的 ReadProcessMemory 或 WriteProcessMemory 请求。 (0x12B)
[0727/092134:WARNING:pe_image_reader.cc(280)] could not read dos header from C:\Windows\SYSTEM32\FirewallAPI.dll
[0727/092134:ERROR:process_reader_win.cc(232)] ReadMemory at 0x705e0000 of 64 bytes failed: 仅完成部分的 ReadProcessMemory 或 WriteProcessMemory 请求。 (0x12B)
[0727/092134:WARNING:pe_image_reader.cc(280)] could not read dos header from C:\Windows\SYSTEM32\fwbase.dll
[0727/092134:ERROR:process_reader_win.cc(232)] ReadMemory at 0x72790000 of 64 bytes failed: 仅完成部分的 ReadProcessMemory 或 WriteProcessMemory 请求。 (0x12B)
[0727/092134:WARNING:pe_image_reader.cc(280)] could not read dos header from C:\Windows\SYSTEM32\DAVHLPR.DLL
[0727/092134:ERROR:process_reader_win.cc(232)] ReadMemory at 0x76050000 of 64 bytes failed: 仅完成部分的 ReadProcessMemory 或 WriteProcessMemory 请求。 (0x12B)
[0727/092134:WARNING:pe_image_reader.cc(280)] could not read dos header from C:\Windows\SYSTEM32\COMDLG32.dll
[0727/092134:ERROR:process_reader_win.cc(232)] ReadMemory at 0x73f00000 of 64 bytes failed: 仅完成部分的 ReadProcessMemory 或 WriteProcessMemory 请求。 (0x12B)
[0727/092134:WARNING:pe_image_reader.cc(280)] could not read dos header from C:\Windows\SYSTEM32\IPHLPAPI.DLL
[0727/092134:ERROR:process_reader_win.cc(232)] ReadMemory at 0x745d0000 of 64 bytes failed: 仅完成部分的 ReadProcessMemory 或 WriteProcessMemory 请求。 (0x12B)
[0727/092134:WARNING:pe_image_reader.cc(280)] could not read dos header from C:\Windows\SYSTEM32\USP10.dll
[0727/092134:ERROR:process_reader_win.cc(232)] ReadMemory at 0x76c00000 of 64 bytes failed: 仅完成部分的 ReadProcessMemory 或 WriteProcessMemory 请求。 (0x12B)
[0727/092134:WARNING:pe_image_reader.cc(280)] could not read dos header from C:\Windows\SYSTEM32\MSASN1.dll
[0727/092134:ERROR:process_reader_win.cc(232)] ReadMemory at 0x74220000 of 64 bytes failed: 仅完成部分的 ReadProcessMemory 或 WriteProcessMemory 请求。 (0x12B)
[0727/092134:WARNING:pe_image_reader.cc(280)] could not read dos header from C:\Windows\SYSTEM32\CRYPT32.dll
[0727/092134:ERROR:process_reader_win.cc(232)] ReadMemory at 0x74550000 of 64 bytes failed: 仅完成部分的 ReadProcessMemory 或 WriteProcessMemory 请求。 (0x12B)
[0727/092134:WARNING:pe_image_reader.cc(280)] could not read dos header from C:\Windows\SYSTEM32\WINTRUST.dll
[0727/092134:ERROR:process_reader_win.cc(232)] ReadMemory at 0x73de0000 of 64 bytes failed: 仅完成部分的 ReadProcessMemory 或 WriteProcessMemory 请求。 (0x12B)
[0727/092134:WARNING:pe_image_reader.cc(280)] could not read dos header from C:\Windows\SYSTEM32\Secur32.dll
[0727/092134:ERROR:process_reader_win.cc(232)] ReadMemory at 0x50950000 of 64 bytes failed: 仅完成部分的 ReadProcessMemory 或 WriteProcessMemory 请求。 (0x12B)
[0727/092134:WARNING:pe_image_reader.cc(280)] could not read dos header from C:\Program Files (x86)\Google\Chrome\Application\50.0.2661.102\chrome_child.dll
[0727/092134:ERROR:process_reader_win.cc(232)] ReadMemory at 0x640c0000 of 64 bytes failed: 仅完成部分的 ReadProcessMemory 或 WriteProcessMemory 请求。 (0x12B)
[0727/092134:WARNING:pe_image_reader.cc(280)] could not read dos header from C:\Program Files (x86)\360\360safe\360verify.dll
[0727/092134:ERROR:process_reader_win.cc(232)] ReadMemory at 0x67a80000 of 64 bytes failed: 仅完成部分的 ReadProcessMemory 或 WriteProcessMemory 请求。 (0x12B)
[0727/092134:WARNING:pe_image_reader.cc(280)] could not read dos header from C:\Windows\SYSTEM32\dwrite.dll
[0727/092134:ERROR:process_reader_win.cc(232)] ReadMemory at 0x776fab80 of 5888 bytes failed: 仅完成部分的 ReadProcessMemory 或 WriteProcessMemory 请求。 (0x12B)
[0727/092134:ERROR:process_reader_win.cc(232)] ReadMemory at 0xa50000 of 64 bytes failed: 仅完成部分的 ReadProcessMemory 或 WriteProcessMemory 请求。 (0x12B)
[0727/092134:WARNING:pe_image_reader.cc(280)] could not read dos header from C:\Program Files (x86)\Google\Chrome\Application\chrome.exe
[0727/092134:ERROR:process_reader_win.cc(232)] ReadMemory at 0x775f0000 of 64 bytes failed: 仅完成部分的 ReadProcessMemory 或 WriteProcessMemory 请求。 (0x12B)
[0727/092134:WARNING:pe_image_reader.cc(280)] could not read dos header from C:\Windows\SYSTEM32\ntdll.dll
[0727/092134:ERROR:process_reader_win.cc(232)] ReadMemory at 0x765c0000 of 64 bytes failed: 仅完成部分的 ReadProcessMemory 或 WriteProcessMemory 请求。 (0x12B)
[0727/092134:WARNING:pe_image_reader.cc(280)] could not read dos header from C:\Windows\SYSTEM32\KERNELBASE.dll
[0727/092134:ERROR:process_reader_win.cc(232)] ReadMemory at 0x75f70000 of 64 bytes failed: 仅完成部分的 ReadProcessMemory 或 WriteProcessMemory 请求。 (0x12B)
[0727/092134:WARNING:pe_image_reader.cc(280)] could not read dos header from C:\Windows\SYSTEM32\KERNEL32.DLL
[0727/092134:ERROR:process_reader_win.cc(232)] ReadMemory at 0x6ee40000 of 64 bytes failed: 仅完成部分的 ReadProcessMemory 或 WriteProcessMemory 请求。 (0x12B)
[0727/092134:WARNING:pe_image_reader.cc(280)] could not read dos header from C:\Windows\system32\apphelp.dll
[0727/092134:ERROR:process_reader_win.cc(232)] ReadMemory at 0x74490000 of 64 bytes failed: 仅完成部分的 ReadProcessMemory 或 WriteProcessMemory 请求。 (0x12B)
[0727/092134:WARNING:pe_image_reader.cc(280)] could not read dos header from C:\Windows\SYSTEM32\msvcrt.dll
[0727/092134:ERROR:process_reader_win.cc(232)] ReadMemory at 0x75b20000 of 64 bytes failed: 仅完成部分的 ReadProcessMemory 或 WriteProcessMemory 请求。 (0x12B)
[0727/092134:WARNING:pe_image_reader.cc(280)] could not read dos header from C:\Windows\SYSTEM32\bcryptPrimitives.dll
[0727/092134:ERROR:process_reader_win.cc(232)] ReadMemory at 0x74100000 of 64 bytes failed: 仅完成部分的 ReadProcessMemory 或 WriteProcessMemory 请求。 (0x12B)
[0727/092134:WARNING:pe_image_reader.cc(280)] could not read dos header from C:\Windows\SYSTEM32\CRYPTBASE.dll
[0727/092134:ERROR:process_reader_win.cc(232)] ReadMemory at 0x74110000 of 64 bytes failed: 仅完成部分的 ReadProcessMemory 或 WriteProcessMemory 请求。 (0x12B)
[0727/092134:WARNING:pe_image_reader.cc(280)] could not read dos header from C:\Windows\SYSTEM32\SspiCli.dll
[0727/092134:ERROR:process_reader_win.cc(232)] ReadMemory at 0x77420000 of 64 bytes failed: 仅完成部分的 ReadProcessMemory 或 WriteProcessMemory 请求。 (0x12B)
[0727/092134:WARNING:pe_image_reader.cc(280)] could not read dos header from C:\Windows\SYSTEM32\RPCRT4.dll
[0727/092134:ERROR:process_reader_win.cc(232)] ReadMemory at 0x75f20000 of 64 bytes failed: 仅完成部分的 ReadProcessMemory 或 WriteProcessMemory 请求。 (0x12B)
[0727/092134:WARNING:pe_image_reader.cc(280)] could not read dos header from C:\Windows\SYSTEM32\sechost.dll
[0727/092134:ERROR:process_reader_win.cc(232)] ReadMemory at 0x774d0000 of 64 bytes failed: 仅完成部分的 ReadProcessMemory 或 WriteProcessMemory 请求。 (0x12B)
[0727/092134:WARNING:pe_image_reader.cc(280)] could not read dos header from C:\Windows\SYSTEM32\ADVAPI32.dll
[0727/092134:ERROR:process_reader_win.cc(232)] ReadMemory at 0x55a70000 of 64 bytes failed: 仅完成部分的 ReadProcessMemory 或 WriteProcessMemory 请求。 (0x12B)
[0727/092134:WARNING:pe_image_reader.cc(280)] could not read dos header from C:\Program Files (x86)\Google\Chrome\Application\50.0.2661.102\chrome_elf.dll
[0727/092134:ERROR:process_reader_win.cc(232)] ReadMemory at 0x740e0000 of 64 bytes failed: 仅完成部分的 ReadProcessMemory 或 WriteProcessMemory 请求。 (0x12B)
[0727/092134:WARNING:pe_image_reader.cc(280)] could not read dos header from C:\Windows\SYSTEM32\VERSION.dll
[0727/092134:ERROR:process_reader_win.cc(232)] ReadMemory at 0x76390000 of 64 bytes failed: 仅完成部分的 ReadProcessMemory 或 WriteProcessMemory 请求。 (0x12B)
[0727/092134:WARNING:pe_image_reader.cc(280)] could not read dos header from C:\Windows\SYSTEM32\cfgmgr32.dll
[0727/092134:ERROR:process_reader_win.cc(232)] ReadMemory at 0x745a0000 of 64 bytes failed: 仅完成部分的 ReadProcessMemory 或 WriteProcessMemory 请求。 (0x12B)
[0727/092134:WARNING:pe_image_reader.cc(280)] could not read dos header from C:\Windows\SYSTEM32\WINMMBASE.dll
[0727/092134:ERROR:process_reader_win.cc(232)] ReadMemory at 0x77120000 of 64 bytes failed: 仅完成部分的 ReadProcessMemory 或 WriteProcessMemory 请求。 (0x12B)
[0727/092134:WARNING:pe_image_reader.cc(280)] could not read dos header from C:\Windows\SYSTEM32\GDI32.dll
[0727/092134:ERROR:process_reader_win.cc(232)] ReadMemory at 0x75c10000 of 64 bytes failed: 仅完成部分的 ReadProcessMemory 或 WriteProcessMemory 请求。 (0x12B)
[0727/092134:WARNING:pe_image_reader.cc(280)] could not read dos header from C:\Windows\SYSTEM32\USER32.dll
[0727/092134:ERROR:process_reader_win.cc(232)] ReadMemory at 0x75af0000 of 64 bytes failed: 仅完成部分的 ReadProcessMemory 或 WriteProcessMemory 请求。 (0x12B)
[0727/092134:WARNING:pe_image_reader.cc(280)] could not read dos header from C:\Windows\SYSTEM32\IMM32.DLL
[0727/092134:ERROR:process_reader_win.cc(232)] ReadMemory at 0x77390000 of 64 bytes failed: 仅完成部分的 ReadProcessMemory 或 WriteProcessMemory 请求。 (0x12B)
[0727/092134:WARNING:pe_image_reader.cc(280)] could not read dos header from C:\Windows\SYSTEM32\WINMM.dll
[0727/092134:ERROR:process_reader_win.cc(232)] ReadMemory at 0x77330000 of 64 bytes failed: 仅完成部分的 ReadProcessMemory 或 WriteProcessMemory 请求。 (0x12B)
[0727/092134:WARNING:pe_image_reader.cc(280)] could not read dos header from C:\Windows\SYSTEM32\profapi.dll
[0727/092134:ERROR:process_reader_win.cc(232)] ReadMemory at 0x740c0000 of 64 bytes failed: 仅完成部分的 ReadProcessMemory 或 WriteProcessMemory 请求。 (0x12B)
[0727/092134:WARNING:pe_image_reader.cc(280)] could not read dos header from C:\Windows\SYSTEM32\USERENV.dll
[0727/092134:ERROR:process_reader_win.cc(232)] ReadMemory at 0x740f0000 of 64 bytes failed: 仅完成部分的 ReadProcessMemory 或 WriteProcessMemory 请求。 (0x12B)
[0727/092134:WARNING:pe_image_reader.cc(280)] could not read dos header from C:\Windows\SYSTEM32\WTSAPI32.dll
[0727/092134:ERROR:process_reader_win.cc(232)] ReadMemory at 0x6fe90000 of 64 bytes failed: 仅完成部分的 ReadProcessMemory 或 WriteProcessMemory 请求。 (0x12B)
[0727/092134:WARNING:pe_image_reader.cc(280)] could not read dos header from C:\Windows\SYSTEM32\WINHTTP.dll
[0727/092134:ERROR:process_reader_win.cc(232)] ReadMemory at 0x76150000 of 64 bytes failed: 仅完成部分的 ReadProcessMemory 或 WriteProcessMemory 请求。 (0x12B)
[0727/092134:WARNING:pe_image_reader.cc(280)] could not read dos header from C:\Windows\SYSTEM32\combase.dll
[0727/092134:ERROR:process_reader_win.cc(232)] ReadMemory at 0x77340000 of 64 bytes failed: 仅完成部分的 ReadProcessMemory 或 WriteProcessMemory 请求。 (0x12B)
[0727/092134:WARNING:pe_image_reader.cc(280)] could not read dos header from C:\Windows\SYSTEM32\shlwapi.dll
[0727/092134:ERROR:process_reader_win.cc(232)] ReadMemory at 0x763e0000 of 64 bytes failed: 仅完成部分的 ReadProcessMemory 或 WriteProcessMemory 请求。 (0x12B)
[0727/092134:WARNING:pe_image_reader.cc(280)] could not read dos header from C:\Windows\SYSTEM32\kernel.appcore.dll
[0727/092134:ERROR:process_reader_win.cc(232)] ReadMemory at 0x76b70000 of 64 bytes failed: 仅完成部分的 ReadProcessMemory 或 WriteProcessMemory 请求。 (0x12B)
[0727/092134:WARNING:pe_image_reader.cc(280)] could not read dos header from C:\Windows\SYSTEM32\shcore.dll
[0727/092134:ERROR:process_reader_win.cc(232)] ReadMemory at 0x772e0000 of 64 bytes failed: 仅完成部分的 ReadProcessMemory 或 WriteProcessMemory 请求。 (0x12B)
[0727/092134:WARNING:pe_image_reader.cc(280)] could not read dos header from C:\Windows\SYSTEM32\powrprof.dll
[0727/092134:ERROR:process_reader_win.cc(232)] ReadMemory at 0x76c20000 of 64 bytes failed: 仅完成部分的 ReadProcessMemory 或 WriteProcessMemory 请求。 (0x12B)
[0727/092134:WARNING:pe_image_reader.cc(280)] could not read dos header from C:\Windows\SYSTEM32\windows.storage.dll
[0727/092134:ERROR:process_reader_win.cc(232)] ReadMemory at 0x746f0000 of 64 bytes failed: 仅完成部分的 ReadProcessMemory 或 WriteProcessMemory 请求。 (0x12B)
[0727/092134:WARNING:pe_image_reader.cc(280)] could not read dos header from C:\Windows\SYSTEM32\SHELL32.dll
[0727/092134:ERROR:process_reader_win.cc(232)] ReadMemory at 0x74130000 of 64 bytes failed: 仅完成部分的 ReadProcessMemory 或 WriteProcessMemory 请求。 (0x12B)
[0727/092134:WARNING:pe_image_reader.cc(280)] could not read dos header from C:\Windows\SYSTEM32\ole32.dll
[0727/092134:ERROR:process_reader_win.cc(232)] ReadMemory at 0x77550000 of 64 bytes failed: 仅完成部分的 ReadProcessMemory 或 WriteProcessMemory 请求。 (0x12B)
[0727/092134:WARNING:pe_image_reader.cc(280)] could not read dos header from C:\Windows\SYSTEM32\OLEAUT32.dll
[0727/092134:ERROR:process_reader_win.cc(232)] ReadMemory at 0x76c10000 of 64 bytes failed: 仅完成部分的 ReadProcessMemory 或 WriteProcessMemory 请求。 (0x12B)
[0727/092134:WARNING:pe_image_reader.cc(280)] could not read dos header from C:\Windows\SYSTEM32\PSAPI.DLL
[0727/092134:ERROR:process_reader_win.cc(232)] ReadMemory at 0x76330000 of 64 bytes failed: 仅完成部分的 ReadProcessMemory 或 WriteProcessMemory 请求。 (0x12B)
[0727/092134:WARNING:pe_image_reader.cc(280)] could not read dos header from C:\Windows\SYSTEM32\WS2_32.dll
[0727/092134:ERROR:process_reader_win.cc(232)] ReadMemory at 0x76b50000 of 64 bytes failed: 仅完成部分的 ReadProcessMemory 或 WriteProcessMemory 请求。 (0x12B)
[0727/092134:WARNING:pe_image_reader.cc(280)] could not read dos header from C:\Windows\SYSTEM32\NETAPI32.dll
[0727/092134:ERROR:process_reader_win.cc(232)] ReadMemory at 0x73c10000 of 64 bytes failed: 仅完成部分的 ReadProcessMemory 或 WriteProcessMemory 请求。 (0x12B)
[0727/092134:WARNING:pe_image_reader.cc(280)] could not read dos header from C:\Windows\SYSTEM32\NETUTILS.DLL
[0727/092134:ERROR:process_reader_win.cc(232)] ReadMemory at 0x73000000 of 64 bytes failed: 仅完成部分的 ReadProcessMemory 或 WriteProcessMemory 请求。 (0x12B)
[0727/092134:WARNING:pe_image_reader.cc(280)] could not read dos header from C:\Windows\SYSTEM32\bcrypt.dll
[0727/092134:ERROR:process_reader_win.cc(232)] ReadMemory at 0x73020000 of 64 bytes failed: 仅完成部分的 ReadProcessMemory 或 WriteProcessMemory 请求。 (0x12B)
[0727/092134:WARNING:pe_image_reader.cc(280)] could not read dos header from C:\Windows\SYSTEM32\WKSCLI.DLL
[0727/092134:ERROR:process_reader_win.cc(232)] ReadMemory at 0x73030000 of 64 bytes failed: 仅完成部分的 ReadProcessMemory 或 WriteProcessMemory 请求。 (0x12B)
[0727/092134:WARNING:pe_image_reader.cc(280)] could not read dos header from C:\Program Files (x86)\360\360safe\safemon\safemon.dll
[0727/092134:ERROR:process_reader_win.cc(232)] ReadMemory at 0x63d30000 of 64 bytes failed: 仅完成部分的 ReadProcessMemory 或 WriteProcessMemory 请求。 (0x12B)
[0727/092134:WARNING:pe_image_reader.cc(280)] could not read dos header from C:\Program Files (x86)\360\360safe\safemon\iNetSafe.dll
[0727/092134:ERROR:process_reader_win.cc(232)] ReadMemory at 0x6cfa0000 of 64 bytes failed: 仅完成部分的 ReadProcessMemory 或 WriteProcessMemory 请求。 (0x12B)
[0727/092134:WARNING:pe_image_reader.cc(280)] could not read dos header from C:\Windows\SYSTEM32\WINSPOOL.DRV
[0727/092134:ERROR:process_reader_win.cc(232)] ReadMemory at 0x6c950000 of 64 bytes failed: 仅完成部分的 ReadProcessMemory 或 WriteProcessMemory 请求。 (0x12B)
[0727/092134:WARNING:pe_image_reader.cc(280)] could not read dos header from C:\Windows\WinSxS\x86_microsoft.windows.common-controls_6595b64144ccf1df_6.0.10586.494_none_ea85e725b9ba5a4b\COMCTL32.dll
[0727/092134:ERROR:process_reader_win.cc(232)] ReadMemory at 0x76560000 of 64 bytes failed: 仅完成部分的 ReadProcessMemory 或 WriteProcessMemory 请求。 (0x12B)
[0727/092134:WARNING:pe_image_reader.cc(280)] could not read dos header from C:\Windows\SYSTEM32\FirewallAPI.dll
[0727/092134:ERROR:process_reader_win.cc(232)] ReadMemory at 0x705e0000 of 64 bytes failed: 仅完成部分的 ReadProcessMemory 或 WriteProcessMemory 请求。 (0x12B)
[0727/092134:WARNING:pe_image_reader.cc(280)] could not read dos header from C:\Windows\SYSTEM32\fwbase.dll
[0727/092134:ERROR:process_reader_win.cc(232)] ReadMemory at 0x72790000 of 64 bytes failed: 仅完成部分的 ReadProcessMemory 或 WriteProcessMemory 请求。 (0x12B)
[0727/092134:WARNING:pe_image_reader.cc(280)] could not read dos header from C:\Windows\SYSTEM32\DAVHLPR.DLL
[0727/092134:ERROR:process_reader_win.cc(232)] ReadMemory at 0x76050000 of 64 bytes failed: 仅完成部分的 ReadProcessMemory 或 WriteProcessMemory 请求。 (0x12B)
[0727/092134:WARNING:pe_image_reader.cc(280)] could not read dos header from C:\Windows\SYSTEM32\COMDLG32.dll
[0727/092134:ERROR:process_reader_win.cc(232)] ReadMemory at 0x73f00000 of 64 bytes failed: 仅完成部分的 ReadProcessMemory 或 WriteProcessMemory 请求。 (0x12B)
[0727/092134:WARNING:pe_image_reader.cc(280)] could not read dos header from C:\Windows\SYSTEM32\IPHLPAPI.DLL
[0727/092134:ERROR:process_reader_win.cc(232)] ReadMemory at 0x745d0000 of 64 bytes failed: 仅完成部分的 ReadProcessMemory 或 WriteProcessMemory 请求。 (0x12B)
[0727/092134:WARNING:pe_image_reader.cc(280)] could not read dos header from C:\Windows\SYSTEM32\USP10.dll
[0727/092134:ERROR:process_reader_win.cc(232)] ReadMemory at 0x76c00000 of 64 bytes failed: 仅完成部分的 ReadProcessMemory 或 WriteProcessMemory 请求。 (0x12B)
[0727/092134:WARNING:pe_image_reader.cc(280)] could not read dos header from C:\Windows\SYSTEM32\MSASN1.dll
[0727/092134:ERROR:process_reader_win.cc(232)] ReadMemory at 0x74220000 of 64 bytes failed: 仅完成部分的 ReadProcessMemory 或 WriteProcessMemory 请求。 (0x12B)
[0727/092134:WARNING:pe_image_reader.cc(280)] could not read dos header from C:\Windows\SYSTEM32\CRYPT32.dll
[0727/092134:ERROR:process_reader_win.cc(232)] ReadMemory at 0x74550000 of 64 bytes failed: 仅完成部分的 ReadProcessMemory 或 WriteProcessMemory 请求。 (0x12B)
[0727/092134:WARNING:pe_image_reader.cc(280)] could not read dos header from C:\Windows\SYSTEM32\WINTRUST.dll
[0727/092134:ERROR:process_reader_win.cc(232)] ReadMemory at 0x73de0000 of 64 bytes failed: 仅完成部分的 ReadProcessMemory 或 WriteProcessMemory 请求。 (0x12B)
[0727/092134:WARNING:pe_image_reader.cc(280)] could not read dos header from C:\Windows\SYSTEM32\Secur32.dll
[0727/092134:ERROR:process_reader_win.cc(232)] ReadMemory at 0x50950000 of 64 bytes failed: 仅完成部分的 ReadProcessMemory 或 WriteProcessMemory 请求。 (0x12B)
[0727/092134:WARNING:pe_image_reader.cc(280)] could not read dos header from C:\Program Files (x86)\Google\Chrome\Application\50.0.2661.102\chrome_child.dll
[0727/092134:ERROR:process_reader_win.cc(232)] ReadMemory at 0x640c0000 of 64 bytes failed: 仅完成部分的 ReadProcessMemory 或 WriteProcessMemory 请求。 (0x12B)
[0727/092134:WARNING:pe_image_reader.cc(280)] could not read dos header from C:\Program Files (x86)\360\360safe\360verify.dll
[0727/092134:ERROR:process_reader_win.cc(232)] ReadMemory at 0x67a80000 of 64 bytes failed: 仅完成部分的 ReadProcessMemory 或 WriteProcessMemory 请求。 (0x12B)
[0727/092134:WARNING:pe_image_reader.cc(280)] could not read dos header from C:\Windows\SYSTEM32\dwrite.dll
[0727/092134:ERROR:process_reader_win.cc(98)] process 9420 not found
[0727/092134:ERROR:process_reader_win.cc(232)] ReadMemory at 0xafd1b4 of 12 bytes failed: 仅完成部分的 ReadProcessMemory 或 WriteProcessMemory 请求。 (0x12B)
[0727/092134:WARNING:process_snapshot_win.cc(96)] ReadMemory ExceptionInformation failed
[0727/092134:WARNING:crash_report_exception_handler.cc(60)] ProcessSnapshotWin::InitializeException failed
[0727/092134:ERROR:scoped_process_suspend.cc(38)] NtResumeProcess, ntstatus=-1073741558
